<?xml version="1.0" encoding="UTF-8"?>
<coverage generated="1700667464786" clover="3.2.0">
  <project timestamp="1700667464786" name="All files">
    <metrics statements="4" coveredstatements="4" conditionals="2" coveredconditionals="0" methods="3" coveredmethods="3" elements="9" coveredelements="7" complexity="0" loc="4" ncloc="4" packages="1" files="1" classes="1"/>
    <file name="classNames.ts" path="D:\Practice_webpack_etc\src\utils\classNames.ts">
      <metrics statements="4" coveredstatements="4" conditionals="2" coveredconditionals="0" methods="3" coveredmethods="3"/>
      <line num="3" count="1" type="cond" truecount="0" falsecount="2"/>
      <line num="4" count="4" type="stmt"/>
      <line num="6" count="4" type="stmt"/>
      <line num="7" count="3" type="stmt"/>
    </file>
  </project>
</coverage>
